<?xml version="1.0" encoding="UTF-8"?>
<!-- Generated by org.testng.reporters.JUnitReportReporter -->
<testsuite hostname="DESKTOP-6VHPRF7" failures="0" tests="2" name="tests.LoginTest" time="33.694" errors="0" timestamp="2022-10-07T18:30:57 IST" skipped="0">
  <testcase classname="tests.LoginTest" name="login" time="21.078"/>
  <system-out/>
  <testcase classname="tests.LoginTest" name="login" time="12.616"/>
  <system-out/>
</testsuite> <!-- tests.LoginTest -->
